<?xml version="1.0" encoding="UTF-8"?>
<!-- Generated by org.testng.reporters.JUnitXMLReporter -->
<testsuite ignored="0" hostname="Gayatri-PC" failures="1" tests="1" name="My Test" time="11.388" errors="0" timestamp="2024-11-07T21:06:36 IST">
  <testcase classname="com.TestNGDemos.D07Parameterization" name="login" time="0.0">
    <failure type="org.testng.TestNGException" message="
Parameter &amp;apos;username&amp;apos; is required by @Test on method login but has not been marked @Optional or defined
in E:\Lekha_SeleniumDemos\MyAutomationProject\src\com\TestNGDemos\X07.xml">
      <![CDATA[org.testng.TestNGException: 
Parameter 'username' is required by @Test on method login but has not been marked @Optional or defined
in E:\Lekha_SeleniumDemos\MyAutomationProject\src\com\TestNGDemos\X07.xml
at java.base/java.util.ArrayList.forEach(ArrayList.java:1511)
... Removed 26 stack frames]]>
    </failure>
  </testcase> <!-- login -->
</testsuite> <!-- My Test -->
